<?xml version="1.0" encoding="UTF-8"?>
<!-- Generated by org.testng.reporters.JUnitReportReporter -->
<testsuite hostname="GDC-VikasKu-LPT" name="com.RestAssured.Validate_Response_String" tests="2" failures="0" timestamp="16 Jan 2018 08:15:43 GMT" time="3.385" errors="0">
  <testcase name="GetDetails" time="2.536" classname="com.RestAssured.Validate_Response_String"/>
  <testcase name="GetDetails_IgnoreCase" time="0.849" classname="com.RestAssured.Validate_Response_String"/>
</testsuite> <!-- com.RestAssured.Validate_Response_String -->
