<?xml version="1.0" encoding="UTF-8"?>
<!-- Generated by org.testng.reporters.JUnitReportReporter -->
<testsuite hostname="GDC-VikasKu-LPT" name="com.RestAssured.Validate_StatusLine" tests="1" failures="0" timestamp="16 Jan 2018 08:14:47 GMT" time="2.521" errors="0">
  <testcase name="getDetails" time="2.521" classname="com.RestAssured.Validate_StatusLine"/>
</testsuite> <!-- com.RestAssured.Validate_StatusLine -->
