<?xml version="1.0" encoding="UTF-8"?>
<!-- Generated by org.testng.reporters.JUnitReportReporter -->
<testsuite hostname="GDC-VikasKu-LPT" name="com.RestAssured.Validate_Headers" tests="2" failures="0" timestamp="16 Jan 2018 08:20:59 GMT" time="3.201" errors="0">
  <testcase name="All_Headers" time="2.330" classname="com.RestAssured.Validate_Headers"/>
  <testcase name="getDetails" time="0.871" classname="com.RestAssured.Validate_Headers"/>
</testsuite> <!-- com.RestAssured.Validate_Headers -->
